Watching for file changes with StatReloader
/Users/rajasekharreddykasireddy/work/Agriculture/Agriculture/Users/views.py changed, reloading.
Watching for file changes with StatReloader
/Users/rajasekharreddykasireddy/work/Agriculture/Agriculture/Users/views.py changed, reloading.
Watching for file changes with StatReloader
/Users/rajasekharreddykasireddy/work/Agriculture/Agriculture/Users/views.py changed, reloading.
Watching for file changes with StatReloader
/Users/rajasekharreddykasireddy/work/Agriculture/Agriculture/Users/views.py changed, reloading.
Watching for file changes with StatReloader
/Users/rajasekharreddykasireddy/work/Agriculture/Agriculture/Users/views.py changed, reloading.
Watching for file changes with StatReloader
/Users/rajasekharreddykasireddy/work/Agriculture/Agriculture/Users/views.py changed, reloading.
Watching for file changes with StatReloader
/Users/rajasekharreddykasireddy/work/Agriculture/Agriculture/Users/views.py changed, reloading.
Watching for file changes with StatReloader
/Users/rajasekharreddykasireddy/work/Agriculture/Agriculture/Users/views.py changed, reloading.
Watching for file changes with StatReloader
/Users/rajasekharreddykasireddy/work/Agriculture/Agriculture/Users/views.py changed, reloading.
Watching for file changes with StatReloader
/Users/rajasekharreddykasireddy/work/Agriculture/Agriculture/Users/views.py changed, reloading.
Watching for file changes with StatReloader
/Users/rajasekharreddykasireddy/work/Agriculture/Agriculture/Users/views.py changed, reloading.
Watching for file changes with StatReloader
/Users/rajasekharreddykasireddy/work/Agriculture/Agriculture/Users/views.py changed, reloading.
Watching for file changes with StatReloader
/Users/rajasekharreddykasireddy/work/Agriculture/Agriculture/Users/views.py changed, reloading.
Watching for file changes with StatReloader
/Users/rajasekharreddykasireddy/work/Agriculture/Agriculture/Users/views.py changed, reloading.
Watching for file changes with StatReloader
/Users/rajasekharreddykasireddy/work/Agriculture/Agriculture/Users/views.py changed, reloading.
Watching for file changes with StatReloader
/Users/rajasekharreddykasireddy/work/Agriculture/Agriculture/Users/views.py changed, reloading.
Watching for file changes with StatReloader
/Users/rajasekharreddykasireddy/work/Agriculture/Agriculture/Users/views.py changed, reloading.
Watching for file changes with StatReloader
/Users/rajasekharreddykasireddy/work/Agriculture/Agriculture/Users/views.py changed, reloading.
Watching for file changes with StatReloader
/Users/rajasekharreddykasireddy/work/Agriculture/Agriculture/Users/views.py changed, reloading.
Watching for file changes with StatReloader
/Users/rajasekharreddykasireddy/work/Agriculture/Agriculture/Users/views.py changed, reloading.
Watching for file changes with StatReloader
/Users/rajasekharreddykasireddy/work/Agriculture/Agriculture/Users/views.py changed, reloading.
Watching for file changes with StatReloader
/Users/rajasekharreddykasireddy/work/Agriculture/Agriculture/Users/views.py changed, reloading.
Watching for file changes with StatReloader
/Users/rajasekharreddykasireddy/work/Agriculture/Agriculture/Users/views.py changed, reloading.
Watching for file changes with StatReloader
/Users/rajasekharreddykasireddy/work/Agriculture/Agriculture/Users/views.py changed, reloading.
Watching for file changes with StatReloader
/Users/rajasekharreddykasireddy/work/Agriculture/Agriculture/Users/views.py changed, reloading.
Watching for file changes with StatReloader
/Users/rajasekharreddykasireddy/work/Agriculture/Agriculture/Users/views.py changed, reloading.
Watching for file changes with StatReloader
/Users/rajasekharreddykasireddy/work/Agriculture/Agriculture/Users/views.py changed, reloading.
Watching for file changes with StatReloader
/Users/rajasekharreddykasireddy/work/Agriculture/Agriculture/Users/views.py changed, reloading.
Watching for file changes with StatReloader
/Users/rajasekharreddykasireddy/work/Agriculture/Agriculture/Users/views.py changed, reloading.
Watching for file changes with StatReloader
/Users/rajasekharreddykasireddy/work/Agriculture/Agriculture/Users/urls.py changed, reloading.
Watching for file changes with StatReloader
/Users/rajasekharreddykasireddy/work/Agriculture/Agriculture/Users/urls.py changed, reloading.
Watching for file changes with StatReloader
/Users/rajasekharreddykasireddy/work/Agriculture/Agriculture/Users/views.py changed, reloading.
Watching for file changes with StatReloader
/Users/rajasekharreddykasireddy/work/Agriculture/Agriculture/Users/views.py changed, reloading.
Watching for file changes with StatReloader
Watching for file changes with StatReloader
Login page accessed
Not Found: /home/
Register page accessed
Login page accessed
Login page accessed
Login attempt for username=raja
Login successful for username=raja
Dashboard accessed by raja
Watching for file changes with StatReloader
Watching for file changes with StatReloader
Register page accessed
Register page accessed
Register page accessed
Register page accessed
Register page accessed
Not Found: /favicon.ico
Not Found: /.well-known/appspecific/com.chrome.devtools.json
Not Found: /.well-known/appspecific/com.chrome.devtools.json
Not Found: /.well-known/appspecific/com.chrome.devtools.json
Not Found: /.well-known/appspecific/com.chrome.devtools.json
Watching for file changes with StatReloader
Register page accessed
Register page accessed
Register page accessed
Register page accessed
Register page accessed
Register page accessed
Register page accessed
Register page accessed
Register page accessed
Register page accessed
Not Found: /.well-known/appspecific/com.chrome.devtools.json
Register page accessed
Not Found: /.well-known/appspecific/com.chrome.devtools.json
Not Found: /favicon.ico
Register page accessed
Register page accessed
Register page accessed
Register page accessed
Register page accessed
Register page accessed
Register page accessed
Register page accessed
Register page accessed
Register page accessed
Register page accessed
Register page accessed
Register page accessed
Register page accessed
Register page accessed
Login page accessed
Login page accessed
Login attempt for username=raja
Login successful for username=raja
Dashboard accessed by raja
Watching for file changes with StatReloader
Internal Server Error: /dashboard/
Traceback (most recent call last):
  File "/Users/rajasekharreddykasireddy/Environments/krrprojectenvir/lib/python3.13/site-packages/django/db/backends/utils.py", line 105, in _execute
    return self.cursor.execute(sql, params)
           ~~~~~~~~~~~~~~~~~~~^^^^^^^^^^^^^
psycopg2.errors.UndefinedColumn: column Users_details.address does not exist
LINE 1: ...ils"."home_phone_number", "Users_details"."bike", "Users_det...
                                                             ^


The above exception was the direct cause of the following exception:

Traceback (most recent call last):
  File "/Users/rajasekharreddykasireddy/Environments/krrprojectenvir/lib/python3.13/site-packages/django/core/handlers/exception.py", line 55, in inner
    response = get_response(request)
  File "/Users/rajasekharreddykasireddy/Environments/krrprojectenvir/lib/python3.13/site-packages/django/core/handlers/base.py", line 198, in _get_response
    response = wrapped_callback(request, *callback_args, **callback_kwargs)
  File "/Users/rajasekharreddykasireddy/work/Agriculture/Agriculture/Users/views.py", line 136, in dashboard
    if not request.user.is_authenticated:
           ^^^^^^^^^^^^^^^^^^^^^^^^^^^^^
  File "/Users/rajasekharreddykasireddy/Environments/krrprojectenvir/lib/python3.13/site-packages/django/utils/functional.py", line 251, in inner
    self._setup()
    ~~~~~~~~~~~^^
  File "/Users/rajasekharreddykasireddy/Environments/krrprojectenvir/lib/python3.13/site-packages/django/utils/functional.py", line 404, in _setup
    self._wrapped = self._setupfunc()
                    ~~~~~~~~~~~~~~~^^
  File "/Users/rajasekharreddykasireddy/Environments/krrprojectenvir/lib/python3.13/site-packages/django/contrib/auth/middleware.py", line 40, in <lambda>
    request.user = SimpleLazyObject(lambda: get_user(request))
                                            ~~~~~~~~^^^^^^^^^
  File "/Users/rajasekharreddykasireddy/Environments/krrprojectenvir/lib/python3.13/site-packages/django/contrib/auth/middleware.py", line 20, in get_user
    request._cached_user = auth.get_user(request)
                           ~~~~~~~~~~~~~^^^^^^^^^
  File "/Users/rajasekharreddykasireddy/Environments/krrprojectenvir/lib/python3.13/site-packages/django/contrib/auth/__init__.py", line 328, in get_user
    user = backend.get_user(user_id)
  File "/Users/rajasekharreddykasireddy/Environments/krrprojectenvir/lib/python3.13/site-packages/django/contrib/auth/backends.py", line 232, in get_user
    user = UserModel._default_manager.get(pk=user_id)
  File "/Users/rajasekharreddykasireddy/Environments/krrprojectenvir/lib/python3.13/site-packages/django/db/models/manager.py", line 87, in manager_method
    return getattr(self.get_queryset(), name)(*args, **kwargs)
           ~~~~~~~~~~~~~~~~~~~~~~~~~~~~~~~~~~^^^^^^^^^^^^^^^^^
  File "/Users/rajasekharreddykasireddy/Environments/krrprojectenvir/lib/python3.13/site-packages/django/db/models/query.py", line 635, in get
    num = len(clone)
  File "/Users/rajasekharreddykasireddy/Environments/krrprojectenvir/lib/python3.13/site-packages/django/db/models/query.py", line 372, in __len__
    self._fetch_all()
    ~~~~~~~~~~~~~~~^^
  File "/Users/rajasekharreddykasireddy/Environments/krrprojectenvir/lib/python3.13/site-packages/django/db/models/query.py", line 2000, in _fetch_all
    self._result_cache = list(self._iterable_class(self))
                         ~~~~^^^^^^^^^^^^^^^^^^^^^^^^^^^^
  File "/Users/rajasekharreddykasireddy/Environments/krrprojectenvir/lib/python3.13/site-packages/django/db/models/query.py", line 95, in __iter__
    results = compiler.execute_sql(
        chunked_fetch=self.chunked_fetch, chunk_size=self.chunk_size
    )
  File "/Users/rajasekharreddykasireddy/Environments/krrprojectenvir/lib/python3.13/site-packages/django/db/models/sql/compiler.py", line 1624, in execute_sql
    cursor.execute(sql, params)
    ~~~~~~~~~~~~~~^^^^^^^^^^^^^
  File "/Users/rajasekharreddykasireddy/Environments/krrprojectenvir/lib/python3.13/site-packages/django/db/backends/utils.py", line 122, in execute
    return super().execute(sql, params)
           ~~~~~~~~~~~~~~~^^^^^^^^^^^^^
  File "/Users/rajasekharreddykasireddy/Environments/krrprojectenvir/lib/python3.13/site-packages/django/db/backends/utils.py", line 79, in execute
    return self._execute_with_wrappers(
           ~~~~~~~~~~~~~~~~~~~~~~~~~~~^
        sql, params, many=False, executor=self._execute
        ^^^^^^^^^^^^^^^^^^^^^^^^^^^^^^^^^^^^^^^^^^^^^^^
    )
    ^
  File "/Users/rajasekharreddykasireddy/Environments/krrprojectenvir/lib/python3.13/site-packages/django/db/backends/utils.py", line 92, in _execute_with_wrappers
    return executor(sql, params, many, context)
  File "/Users/rajasekharreddykasireddy/Environments/krrprojectenvir/lib/python3.13/site-packages/django/db/backends/utils.py", line 100, in _execute
    with self.db.wrap_database_errors:
         ^^^^^^^^^^^^^^^^^^^^^^^^^^^^
  File "/Users/rajasekharreddykasireddy/Environments/krrprojectenvir/lib/python3.13/site-packages/django/db/utils.py", line 94, in __exit__
    raise dj_exc_value.with_traceback(traceback) from exc_value
  File "/Users/rajasekharreddykasireddy/Environments/krrprojectenvir/lib/python3.13/site-packages/django/db/backends/utils.py", line 105, in _execute
    return self.cursor.execute(sql, params)
           ~~~~~~~~~~~~~~~~~~~^^^^^^^^^^^^^
django.db.utils.ProgrammingError: column Users_details.address does not exist
LINE 1: ...ils"."home_phone_number", "Users_details"."bike", "Users_det...
                                                             ^

/Users/rajasekharreddykasireddy/work/Agriculture/Agriculture/Users/models.py changed, reloading.
Watching for file changes with StatReloader
/Users/rajasekharreddykasireddy/work/Agriculture/Agriculture/Users/models.py changed, reloading.
Watching for file changes with StatReloader
Register page accessed
Register page accessed
Register page accessed
Internal Server Error: /dashboard/
Traceback (most recent call last):
  File "/Users/rajasekharreddykasireddy/Environments/krrprojectenvir/lib/python3.13/site-packages/django/db/backends/utils.py", line 105, in _execute
    return self.cursor.execute(sql, params)
           ~~~~~~~~~~~~~~~~~~~^^^^^^^^^^^^^
psycopg2.errors.UndefinedColumn: column Users_details.address does not exist
LINE 1: ...ils"."home_phone_number", "Users_details"."bike", "Users_det...
                                                             ^


The above exception was the direct cause of the following exception:

Traceback (most recent call last):
  File "/Users/rajasekharreddykasireddy/Environments/krrprojectenvir/lib/python3.13/site-packages/django/core/handlers/exception.py", line 55, in inner
    response = get_response(request)
  File "/Users/rajasekharreddykasireddy/Environments/krrprojectenvir/lib/python3.13/site-packages/django/core/handlers/base.py", line 198, in _get_response
    response = wrapped_callback(request, *callback_args, **callback_kwargs)
  File "/Users/rajasekharreddykasireddy/work/Agriculture/Agriculture/Users/views.py", line 136, in dashboard
    if not request.user.is_authenticated:
           ^^^^^^^^^^^^^^^^^^^^^^^^^^^^^
  File "/Users/rajasekharreddykasireddy/Environments/krrprojectenvir/lib/python3.13/site-packages/django/utils/functional.py", line 251, in inner
    self._setup()
    ~~~~~~~~~~~^^
  File "/Users/rajasekharreddykasireddy/Environments/krrprojectenvir/lib/python3.13/site-packages/django/utils/functional.py", line 404, in _setup
    self._wrapped = self._setupfunc()
                    ~~~~~~~~~~~~~~~^^
  File "/Users/rajasekharreddykasireddy/Environments/krrprojectenvir/lib/python3.13/site-packages/django/contrib/auth/middleware.py", line 40, in <lambda>
    request.user = SimpleLazyObject(lambda: get_user(request))
                                            ~~~~~~~~^^^^^^^^^
  File "/Users/rajasekharreddykasireddy/Environments/krrprojectenvir/lib/python3.13/site-packages/django/contrib/auth/middleware.py", line 20, in get_user
    request._cached_user = auth.get_user(request)
                           ~~~~~~~~~~~~~^^^^^^^^^
  File "/Users/rajasekharreddykasireddy/Environments/krrprojectenvir/lib/python3.13/site-packages/django/contrib/auth/__init__.py", line 328, in get_user
    user = backend.get_user(user_id)
  File "/Users/rajasekharreddykasireddy/Environments/krrprojectenvir/lib/python3.13/site-packages/django/contrib/auth/backends.py", line 232, in get_user
    user = UserModel._default_manager.get(pk=user_id)
  File "/Users/rajasekharreddykasireddy/Environments/krrprojectenvir/lib/python3.13/site-packages/django/db/models/manager.py", line 87, in manager_method
    return getattr(self.get_queryset(), name)(*args, **kwargs)
           ~~~~~~~~~~~~~~~~~~~~~~~~~~~~~~~~~~^^^^^^^^^^^^^^^^^
  File "/Users/rajasekharreddykasireddy/Environments/krrprojectenvir/lib/python3.13/site-packages/django/db/models/query.py", line 635, in get
    num = len(clone)
  File "/Users/rajasekharreddykasireddy/Environments/krrprojectenvir/lib/python3.13/site-packages/django/db/models/query.py", line 372, in __len__
    self._fetch_all()
    ~~~~~~~~~~~~~~~^^
  File "/Users/rajasekharreddykasireddy/Environments/krrprojectenvir/lib/python3.13/site-packages/django/db/models/query.py", line 2000, in _fetch_all
    self._result_cache = list(self._iterable_class(self))
                         ~~~~^^^^^^^^^^^^^^^^^^^^^^^^^^^^
  File "/Users/rajasekharreddykasireddy/Environments/krrprojectenvir/lib/python3.13/site-packages/django/db/models/query.py", line 95, in __iter__
    results = compiler.execute_sql(
        chunked_fetch=self.chunked_fetch, chunk_size=self.chunk_size
    )
  File "/Users/rajasekharreddykasireddy/Environments/krrprojectenvir/lib/python3.13/site-packages/django/db/models/sql/compiler.py", line 1624, in execute_sql
    cursor.execute(sql, params)
    ~~~~~~~~~~~~~~^^^^^^^^^^^^^
  File "/Users/rajasekharreddykasireddy/Environments/krrprojectenvir/lib/python3.13/site-packages/django/db/backends/utils.py", line 122, in execute
    return super().execute(sql, params)
           ~~~~~~~~~~~~~~~^^^^^^^^^^^^^
  File "/Users/rajasekharreddykasireddy/Environments/krrprojectenvir/lib/python3.13/site-packages/django/db/backends/utils.py", line 79, in execute
    return self._execute_with_wrappers(
           ~~~~~~~~~~~~~~~~~~~~~~~~~~~^
        sql, params, many=False, executor=self._execute
        ^^^^^^^^^^^^^^^^^^^^^^^^^^^^^^^^^^^^^^^^^^^^^^^
    )
    ^
  File "/Users/rajasekharreddykasireddy/Environments/krrprojectenvir/lib/python3.13/site-packages/django/db/backends/utils.py", line 92, in _execute_with_wrappers
    return executor(sql, params, many, context)
  File "/Users/rajasekharreddykasireddy/Environments/krrprojectenvir/lib/python3.13/site-packages/django/db/backends/utils.py", line 100, in _execute
    with self.db.wrap_database_errors:
         ^^^^^^^^^^^^^^^^^^^^^^^^^^^^
  File "/Users/rajasekharreddykasireddy/Environments/krrprojectenvir/lib/python3.13/site-packages/django/db/utils.py", line 94, in __exit__
    raise dj_exc_value.with_traceback(traceback) from exc_value
  File "/Users/rajasekharreddykasireddy/Environments/krrprojectenvir/lib/python3.13/site-packages/django/db/backends/utils.py", line 105, in _execute
    return self.cursor.execute(sql, params)
           ~~~~~~~~~~~~~~~~~~~^^^^^^^^^^^^^
django.db.utils.ProgrammingError: column Users_details.address does not exist
LINE 1: ...ils"."home_phone_number", "Users_details"."bike", "Users_det...
                                                             ^

Login page accessed
Login page accessed
Login attempt for username=raja
Internal Server Error: /login/
Traceback (most recent call last):
  File "/Users/rajasekharreddykasireddy/Environments/krrprojectenvir/lib/python3.13/site-packages/django/db/backends/utils.py", line 105, in _execute
    return self.cursor.execute(sql, params)
           ~~~~~~~~~~~~~~~~~~~^^^^^^^^^^^^^
psycopg2.errors.UndefinedColumn: column Users_details.address does not exist
LINE 1: ...ils"."home_phone_number", "Users_details"."bike", "Users_det...
                                                             ^


The above exception was the direct cause of the following exception:

Traceback (most recent call last):
  File "/Users/rajasekharreddykasireddy/Environments/krrprojectenvir/lib/python3.13/site-packages/django/core/handlers/exception.py", line 55, in inner
    response = get_response(request)
  File "/Users/rajasekharreddykasireddy/Environments/krrprojectenvir/lib/python3.13/site-packages/django/core/handlers/base.py", line 198, in _get_response
    response = wrapped_callback(request, *callback_args, **callback_kwargs)
  File "/Users/rajasekharreddykasireddy/work/Agriculture/Agriculture/Users/views.py", line 111, in login_view
    user = authenticate(
        request,
        username=username,
        password=request.POST.get("password")
    )
  File "/Users/rajasekharreddykasireddy/Environments/krrprojectenvir/lib/python3.13/site-packages/django/views/decorators/debug.py", line 75, in sensitive_variables_wrapper
    return func(*func_args, **func_kwargs)
  File "/Users/rajasekharreddykasireddy/Environments/krrprojectenvir/lib/python3.13/site-packages/django/contrib/auth/__init__.py", line 114, in authenticate
    user = backend.authenticate(request, **credentials)
  File "/Users/rajasekharreddykasireddy/Environments/krrprojectenvir/lib/python3.13/site-packages/django/contrib/auth/backends.py", line 65, in authenticate
    user = UserModel._default_manager.get_by_natural_key(username)
  File "/Users/rajasekharreddykasireddy/Environments/krrprojectenvir/lib/python3.13/site-packages/django/contrib/auth/base_user.py", line 37, in get_by_natural_key
    return self.get(**{self.model.USERNAME_FIELD: username})
           ~~~~~~~~^^^^^^^^^^^^^^^^^^^^^^^^^^^^^^^^^^^^^^^^^
  File "/Users/rajasekharreddykasireddy/Environments/krrprojectenvir/lib/python3.13/site-packages/django/db/models/manager.py", line 87, in manager_method
    return getattr(self.get_queryset(), name)(*args, **kwargs)
           ~~~~~~~~~~~~~~~~~~~~~~~~~~~~~~~~~~^^^^^^^^^^^^^^^^^
  File "/Users/rajasekharreddykasireddy/Environments/krrprojectenvir/lib/python3.13/site-packages/django/db/models/query.py", line 635, in get
    num = len(clone)
  File "/Users/rajasekharreddykasireddy/Environments/krrprojectenvir/lib/python3.13/site-packages/django/db/models/query.py", line 372, in __len__
    self._fetch_all()
    ~~~~~~~~~~~~~~~^^
  File "/Users/rajasekharreddykasireddy/Environments/krrprojectenvir/lib/python3.13/site-packages/django/db/models/query.py", line 2000, in _fetch_all
    self._result_cache = list(self._iterable_class(self))
                         ~~~~^^^^^^^^^^^^^^^^^^^^^^^^^^^^
  File "/Users/rajasekharreddykasireddy/Environments/krrprojectenvir/lib/python3.13/site-packages/django/db/models/query.py", line 95, in __iter__
    results = compiler.execute_sql(
        chunked_fetch=self.chunked_fetch, chunk_size=self.chunk_size
    )
  File "/Users/rajasekharreddykasireddy/Environments/krrprojectenvir/lib/python3.13/site-packages/django/db/models/sql/compiler.py", line 1624, in execute_sql
    cursor.execute(sql, params)
    ~~~~~~~~~~~~~~^^^^^^^^^^^^^
  File "/Users/rajasekharreddykasireddy/Environments/krrprojectenvir/lib/python3.13/site-packages/django/db/backends/utils.py", line 122, in execute
    return super().execute(sql, params)
           ~~~~~~~~~~~~~~~^^^^^^^^^^^^^
  File "/Users/rajasekharreddykasireddy/Environments/krrprojectenvir/lib/python3.13/site-packages/django/db/backends/utils.py", line 79, in execute
    return self._execute_with_wrappers(
           ~~~~~~~~~~~~~~~~~~~~~~~~~~~^
        sql, params, many=False, executor=self._execute
        ^^^^^^^^^^^^^^^^^^^^^^^^^^^^^^^^^^^^^^^^^^^^^^^
    )
    ^
  File "/Users/rajasekharreddykasireddy/Environments/krrprojectenvir/lib/python3.13/site-packages/django/db/backends/utils.py", line 92, in _execute_with_wrappers
    return executor(sql, params, many, context)
  File "/Users/rajasekharreddykasireddy/Environments/krrprojectenvir/lib/python3.13/site-packages/django/db/backends/utils.py", line 100, in _execute
    with self.db.wrap_database_errors:
         ^^^^^^^^^^^^^^^^^^^^^^^^^^^^
  File "/Users/rajasekharreddykasireddy/Environments/krrprojectenvir/lib/python3.13/site-packages/django/db/utils.py", line 94, in __exit__
    raise dj_exc_value.with_traceback(traceback) from exc_value
  File "/Users/rajasekharreddykasireddy/Environments/krrprojectenvir/lib/python3.13/site-packages/django/db/backends/utils.py", line 105, in _execute
    return self.cursor.execute(sql, params)
           ~~~~~~~~~~~~~~~~~~~^^^^^^^^^^^^^
django.db.utils.ProgrammingError: column Users_details.address does not exist
LINE 1: ...ils"."home_phone_number", "Users_details"."bike", "Users_det...
                                                             ^

Watching for file changes with StatReloader
Login page accessed
Login attempt for username=raja
Login successful for username=raja
Dashboard accessed by raja
Dashboard accessed by raja
Login page accessed
Login page accessed
Login attempt for username=raja
Login successful for username=raja
Dashboard accessed by raja
Dashboard accessed by raja
Dashboard accessed by raja
Not Found: /favicon.ico
Dashboard accessed by raja
Dashboard accessed by raja
Dashboard accessed by raja
Dashboard accessed by raja
Login page accessed
Login page accessed
Login page accessed
Login attempt for username=raja
Login successful for username=raja
Dashboard accessed by raja
Dashboard accessed by raja
Not Found: /favicon.ico
Dashboard accessed by raja
Watching for file changes with StatReloader
Login page accessed
Login page accessed
Login attempt for username=raja
Login successful for username=raja
Dashboard accessed by raja
Dashboard accessed by raja
Login page accessed
Login page accessed
Login attempt for username=raja
Login successful for username=raja
Dashboard accessed by raja
/Users/rajasekharreddykasireddy/work/Agriculture/Agriculture/Agriculture/settings.py changed, reloading.
Watching for file changes with StatReloader
/Users/rajasekharreddykasireddy/work/Agriculture/Agriculture/Agriculture/settings.py changed, reloading.
Watching for file changes with StatReloader
/Users/rajasekharreddykasireddy/work/Agriculture/Agriculture/Agriculture/settings.py changed, reloading.
Watching for file changes with StatReloader
/Users/rajasekharreddykasireddy/work/Agriculture/Agriculture/Agriculture/settings.py changed, reloading.
Watching for file changes with StatReloader
Watching for file changes with StatReloader
Not Found: /favicon.ico
Not Found: /favicon.ico
Register page accessed
Login page accessed
Login page accessed
Login attempt for username=raja
Login successful for username=raja
Dashboard accessed by raja
Dashboard accessed by raja
/Users/rajasekharreddykasireddy/work/Agriculture/Agriculture/Agriculture/settings.py changed, reloading.
Watching for file changes with StatReloader
/Users/rajasekharreddykasireddy/work/Agriculture/Agriculture/Agriculture/settings.py changed, reloading.
Watching for file changes with StatReloader
Invalid HTTP_HOST header: '192.168.1.6:8000'. You may need to add '192.168.1.6' to ALLOWED_HOSTS.
Traceback (most recent call last):
  File "/Users/rajasekharreddykasireddy/Environments/krrprojectenvir/lib/python3.13/site-packages/django/core/handlers/exception.py", line 55, in inner
    response = get_response(request)
  File "/Users/rajasekharreddykasireddy/Environments/krrprojectenvir/lib/python3.13/site-packages/django/utils/deprecation.py", line 308, in __call__
    response = self.process_request(request)
  File "/Users/rajasekharreddykasireddy/Environments/krrprojectenvir/lib/python3.13/site-packages/django/middleware/common.py", line 48, in process_request
    host = request.get_host()
  File "/Users/rajasekharreddykasireddy/Environments/krrprojectenvir/lib/python3.13/site-packages/django/http/request.py", line 206, in get_host
    raise DisallowedHost(msg)
django.core.exceptions.DisallowedHost: Invalid HTTP_HOST header: '192.168.1.6:8000'. You may need to add '192.168.1.6' to ALLOWED_HOSTS.
Login page accessed
Login page accessed
Login attempt for username=raja
Login successful for username=raja
Dashboard accessed by raja
Dashboard accessed by raja
Dashboard accessed by raja
Not Found: /favicon.ico
Dashboard accessed by raja
Watching for file changes with StatReloader
/Users/rajasekharreddykasireddy/work/Agriculture/Agriculture/Agriculture/settings.py changed, reloading.
Watching for file changes with StatReloader
/Users/rajasekharreddykasireddy/work/Agriculture/Agriculture/Agriculture/settings.py changed, reloading.
Watching for file changes with StatReloader
/Users/rajasekharreddykasireddy/work/Agriculture/Agriculture/Agriculture/settings.py changed, reloading.
Watching for file changes with StatReloader
Forbidden (CSRF cookie not set.): /login/
Login page accessed
Not Found: /favicon.ico
/Users/rajasekharreddykasireddy/work/Agriculture/Agriculture/Users/views.py changed, reloading.
Watching for file changes with StatReloader
/Users/rajasekharreddykasireddy/work/Agriculture/Agriculture/Users/views.py changed, reloading.
Watching for file changes with StatReloader
/Users/rajasekharreddykasireddy/work/Agriculture/Agriculture/Users/views.py changed, reloading.
Watching for file changes with StatReloader
/Users/rajasekharreddykasireddy/work/Agriculture/Agriculture/Users/views.py changed, reloading.
Watching for file changes with StatReloader
Unauthorized: /login/
Not Found: /.well-known/appspecific/com.chrome.devtools.json
Not Found: /.well-known/appspecific/com.chrome.devtools.json
Internal Server Error: /dashboard
Traceback (most recent call last):
  File "/Users/rajasekharreddykasireddy/Environments/krrprojectenvir/lib/python3.13/site-packages/django/core/handlers/exception.py", line 55, in inner
    response = get_response(request)
  File "/Users/rajasekharreddykasireddy/Environments/krrprojectenvir/lib/python3.13/site-packages/django/utils/deprecation.py", line 311, in __call__
    response = self.process_response(request, response)
  File "/Users/rajasekharreddykasireddy/Environments/krrprojectenvir/lib/python3.13/site-packages/django/middleware/common.py", line 109, in process_response
    self.get_full_path_with_slash(request)
    ~~~~~~~~~~~~~~~~~~~~~~~~~~~~~^^^^^^^^^
  File "/Users/rajasekharreddykasireddy/Environments/krrprojectenvir/lib/python3.13/site-packages/django/middleware/common.py", line 87, in get_full_path_with_slash
    raise RuntimeError(
    ...<9 lines>...
    )
RuntimeError: You called this URL via POST, but the URL doesn't end in a slash and you have APPEND_SLASH set. Django can't redirect to the slash URL while maintaining POST data. Change your form to point to 127.0.0.1:8000/dashboard/ (note the trailing slash), or set APPEND_SLASH=False in your Django settings.
Not Found: /save-field/
Watching for file changes with StatReloader
Not Found: /save-field/
Forbidden (CSRF token missing.): /maps/save-field/
Watching for file changes with StatReloader
Forbidden (CSRF token missing.): /maps/save-field/
/Users/rajasekharreddykasireddy/work/Agriculture/Agriculture/maps/views.py changed, reloading.
Watching for file changes with StatReloader
/Users/rajasekharreddykasireddy/work/Agriculture/Agriculture/maps/views.py changed, reloading.
Watching for file changes with StatReloader
/Users/rajasekharreddykasireddy/work/Agriculture/Agriculture/maps/views.py changed, reloading.
Watching for file changes with StatReloader
/Users/rajasekharreddykasireddy/work/Agriculture/Agriculture/maps/views.py changed, reloading.
Watching for file changes with StatReloader
/Users/rajasekharreddykasireddy/work/Agriculture/Agriculture/maps/views.py changed, reloading.
Watching for file changes with StatReloader
/Users/rajasekharreddykasireddy/work/Agriculture/Agriculture/maps/views.py changed, reloading.
Watching for file changes with StatReloader
/Users/rajasekharreddykasireddy/work/Agriculture/Agriculture/maps/views.py changed, reloading.
Watching for file changes with StatReloader
/Users/rajasekharreddykasireddy/work/Agriculture/Agriculture/maps/views.py changed, reloading.
Watching for file changes with StatReloader
Forbidden (CSRF token missing.): /maps/save-field/
/Users/rajasekharreddykasireddy/work/Agriculture/Agriculture/maps/views.py changed, reloading.
Watching for file changes with StatReloader
/Users/rajasekharreddykasireddy/work/Agriculture/Agriculture/maps/views.py changed, reloading.
Watching for file changes with StatReloader
Forbidden (CSRF token missing.): /maps/save-field/
/Users/rajasekharreddykasireddy/work/Agriculture/Agriculture/maps/views.py changed, reloading.
Watching for file changes with StatReloader
/Users/rajasekharreddykasireddy/work/Agriculture/Agriculture/maps/views.py changed, reloading.
Watching for file changes with StatReloader
/Users/rajasekharreddykasireddy/work/Agriculture/Agriculture/maps/views.py changed, reloading.
Watching for file changes with StatReloader
Internal Server Error: /maps/save-field/
Traceback (most recent call last):
  File "/Users/rajasekharreddykasireddy/Environments/krrprojectenvir/lib/python3.13/site-packages/django/core/handlers/exception.py", line 55, in inner
    response = get_response(request)
  File "/Users/rajasekharreddykasireddy/Environments/krrprojectenvir/lib/python3.13/site-packages/django/core/handlers/base.py", line 198, in _get_response
    response = wrapped_callback(request, *callback_args, **callback_kwargs)
  File "/Users/rajasekharreddykasireddy/Environments/krrprojectenvir/lib/python3.13/site-packages/django/views/decorators/csrf.py", line 65, in _view_wrapper
    return view_func(request, *args, **kwargs)
  File "/Users/rajasekharreddykasireddy/work/Agriculture/Agriculture/maps/views.py", line 28, in save_field
    latitude=data["latitude"],
             ~~~~^^^^^^^^^^^^
KeyError: 'latitude'
/Users/rajasekharreddykasireddy/work/Agriculture/Agriculture/maps/views.py changed, reloading.
Watching for file changes with StatReloader
Internal Server Error: /maps/save-field/
Traceback (most recent call last):
  File "/Users/rajasekharreddykasireddy/Environments/krrprojectenvir/lib/python3.13/site-packages/django/db/backends/utils.py", line 105, in _execute
    return self.cursor.execute(sql, params)
           ~~~~~~~~~~~~~~~~~~~^^^^^^^^^^^^^
psycopg2.errors.UndefinedTable: relation "maps_field" does not exist
LINE 1: INSERT INTO "maps_field" ("field_name", "coordinates", "crea...
                    ^


The above exception was the direct cause of the following exception:

Traceback (most recent call last):
  File "/Users/rajasekharreddykasireddy/Environments/krrprojectenvir/lib/python3.13/site-packages/django/core/handlers/exception.py", line 55, in inner
    response = get_response(request)
  File "/Users/rajasekharreddykasireddy/Environments/krrprojectenvir/lib/python3.13/site-packages/django/core/handlers/base.py", line 198, in _get_response
    response = wrapped_callback(request, *callback_args, **callback_kwargs)
  File "/Users/rajasekharreddykasireddy/Environments/krrprojectenvir/lib/python3.13/site-packages/django/views/decorators/csrf.py", line 65, in _view_wrapper
    return view_func(request, *args, **kwargs)
  File "/Users/rajasekharreddykasireddy/work/Agriculture/Agriculture/maps/views.py", line 27, in save_field
    field = Field.objects.create(
        field_name=data["field_name"],
        coordinates=data["coordinates"],
        created_by=request.user
    )
  File "/Users/rajasekharreddykasireddy/Environments/krrprojectenvir/lib/python3.13/site-packages/django/db/models/manager.py", line 87, in manager_method
    return getattr(self.get_queryset(), name)(*args, **kwargs)
           ~~~~~~~~~~~~~~~~~~~~~~~~~~~~~~~~~~^^^^^^^^^^^^^^^^^
  File "/Users/rajasekharreddykasireddy/Environments/krrprojectenvir/lib/python3.13/site-packages/django/db/models/query.py", line 669, in create
    obj.save(force_insert=True, using=self.db)
    ~~~~~~~~^^^^^^^^^^^^^^^^^^^^^^^^^^^^^^^^^^
  File "/Users/rajasekharreddykasireddy/Environments/krrprojectenvir/lib/python3.13/site-packages/django/db/models/base.py", line 874, in save
    self.save_base(
    ~~~~~~~~~~~~~~^
        using=using,
        ^^^^^^^^^^^^
    ...<2 lines>...
        update_fields=update_fields,
        ^^^^^^^^^^^^^^^^^^^^^^^^^^^^
    )
    ^
  File "/Users/rajasekharreddykasireddy/Environments/krrprojectenvir/lib/python3.13/site-packages/django/db/models/base.py", line 966, in save_base
    updated = self._save_table(
        raw,
    ...<4 lines>...
        update_fields,
    )
  File "/Users/rajasekharreddykasireddy/Environments/krrprojectenvir/lib/python3.13/site-packages/django/db/models/base.py", line 1169, in _save_table
    results = self._do_insert(
        cls._base_manager, using, insert_fields, returning_fields, raw
    )
  File "/Users/rajasekharreddykasireddy/Environments/krrprojectenvir/lib/python3.13/site-packages/django/db/models/base.py", line 1220, in _do_insert
    return manager._insert(
           ~~~~~~~~~~~~~~~^
        [self],
        ^^^^^^^
    ...<3 lines>...
        raw=raw,
        ^^^^^^^^
    )
    ^
  File "/Users/rajasekharreddykasireddy/Environments/krrprojectenvir/lib/python3.13/site-packages/django/db/models/manager.py", line 87, in manager_method
    return getattr(self.get_queryset(), name)(*args, **kwargs)
           ~~~~~~~~~~~~~~~~~~~~~~~~~~~~~~~~~~^^^^^^^^^^^^^^^^^
  File "/Users/rajasekharreddykasireddy/Environments/krrprojectenvir/lib/python3.13/site-packages/django/db/models/query.py", line 1918, in _insert
    return query.get_compiler(using=using).execute_sql(returning_fields)
           ~~~~~~~~~~~~~~~~~~~~~~~~~~~~~~~~~~~~~~~~~~~^^^^^^^^^^^^^^^^^^
  File "/Users/rajasekharreddykasireddy/Environments/krrprojectenvir/lib/python3.13/site-packages/django/db/models/sql/compiler.py", line 1925, in execute_sql
    cursor.execute(sql, params)
    ~~~~~~~~~~~~~~^^^^^^^^^^^^^
  File "/Users/rajasekharreddykasireddy/Environments/krrprojectenvir/lib/python3.13/site-packages/django/db/backends/utils.py", line 122, in execute
    return super().execute(sql, params)
           ~~~~~~~~~~~~~~~^^^^^^^^^^^^^
  File "/Users/rajasekharreddykasireddy/Environments/krrprojectenvir/lib/python3.13/site-packages/django/db/backends/utils.py", line 79, in execute
    return self._execute_with_wrappers(
           ~~~~~~~~~~~~~~~~~~~~~~~~~~~^
        sql, params, many=False, executor=self._execute
        ^^^^^^^^^^^^^^^^^^^^^^^^^^^^^^^^^^^^^^^^^^^^^^^
    )
    ^
  File "/Users/rajasekharreddykasireddy/Environments/krrprojectenvir/lib/python3.13/site-packages/django/db/backends/utils.py", line 92, in _execute_with_wrappers
    return executor(sql, params, many, context)
  File "/Users/rajasekharreddykasireddy/Environments/krrprojectenvir/lib/python3.13/site-packages/django/db/backends/utils.py", line 100, in _execute
    with self.db.wrap_database_errors:
         ^^^^^^^^^^^^^^^^^^^^^^^^^^^^
  File "/Users/rajasekharreddykasireddy/Environments/krrprojectenvir/lib/python3.13/site-packages/django/db/utils.py", line 94, in __exit__
    raise dj_exc_value.with_traceback(traceback) from exc_value
  File "/Users/rajasekharreddykasireddy/Environments/krrprojectenvir/lib/python3.13/site-packages/django/db/backends/utils.py", line 105, in _execute
    return self.cursor.execute(sql, params)
           ~~~~~~~~~~~~~~~~~~~^^^^^^^^^^^^^
django.db.utils.ProgrammingError: relation "maps_field" does not exist
LINE 1: INSERT INTO "maps_field" ("field_name", "coordinates", "crea...
                    ^

Watching for file changes with StatReloader
/Users/rajasekharreddykasireddy/work/Agriculture/Agriculture/maps/views.py changed, reloading.
Watching for file changes with StatReloader
/Users/rajasekharreddykasireddy/work/Agriculture/Agriculture/maps/views.py changed, reloading.
Watching for file changes with StatReloader
/Users/rajasekharreddykasireddy/work/Agriculture/Agriculture/maps/views.py changed, reloading.
Watching for file changes with StatReloader
Internal Server Error: /maps/update-field/1/
Traceback (most recent call last):
  File "/Users/rajasekharreddykasireddy/Environments/krrprojectenvir/lib/python3.13/site-packages/django/core/handlers/exception.py", line 55, in inner
    response = get_response(request)
  File "/Users/rajasekharreddykasireddy/Environments/krrprojectenvir/lib/python3.13/site-packages/django/core/handlers/base.py", line 198, in _get_response
    response = wrapped_callback(request, *callback_args, **callback_kwargs)
  File "/Users/rajasekharreddykasireddy/Environments/krrprojectenvir/lib/python3.13/site-packages/django/views/decorators/csrf.py", line 65, in _view_wrapper
    return view_func(request, *args, **kwargs)
  File "/Users/rajasekharreddykasireddy/work/Agriculture/Agriculture/maps/views.py", line 53, in update_field
    field.latitude = data["latitude"]
                     ~~~~^^^^^^^^^^^^
KeyError: 'latitude'
/Users/rajasekharreddykasireddy/work/Agriculture/Agriculture/maps/views.py changed, reloading.
Watching for file changes with StatReloader
Internal Server Error: /maps/get-fields/
Traceback (most recent call last):
  File "/Users/rajasekharreddykasireddy/Environments/krrprojectenvir/lib/python3.13/site-packages/django/core/handlers/exception.py", line 55, in inner
    response = get_response(request)
  File "/Users/rajasekharreddykasireddy/Environments/krrprojectenvir/lib/python3.13/site-packages/django/core/handlers/base.py", line 198, in _get_response
    response = wrapped_callback(request, *callback_args, **callback_kwargs)
  File "/Users/rajasekharreddykasireddy/Environments/krrprojectenvir/lib/python3.13/site-packages/django/views/decorators/csrf.py", line 65, in _view_wrapper
    return view_func(request, *args, **kwargs)
  File "/Users/rajasekharreddykasireddy/work/Agriculture/Agriculture/maps/views.py", line 89, in get_fields
    "latitude": field.latitude,
                ^^^^^^^^^^^^^^
AttributeError: 'Field' object has no attribute 'latitude'
/Users/rajasekharreddykasireddy/work/Agriculture/Agriculture/maps/views.py changed, reloading.
Watching for file changes with StatReloader
/Users/rajasekharreddykasireddy/work/Agriculture/Agriculture/maps/views.py changed, reloading.
Watching for file changes with StatReloader
Watching for file changes with StatReloader
Method Not Allowed: /login/
Method Not Allowed: /login/
Not Found: /.well-known/appspecific/com.chrome.devtools.json
Method Not Allowed: /login/
Not Found: /.well-known/appspecific/com.chrome.devtools.json
/Users/rajasekharreddykasireddy/work/Agriculture/Agriculture/Users/views.py changed, reloading.
Watching for file changes with StatReloader
/Users/rajasekharreddykasireddy/work/Agriculture/Agriculture/Users/views.py changed, reloading.
Watching for file changes with StatReloader
Not Found: /.well-known/appspecific/com.chrome.devtools.json
Not Found: /.well-known/appspecific/com.chrome.devtools.json
/Users/rajasekharreddykasireddy/work/Agriculture/Agriculture/Users/views.py changed, reloading.
Watching for file changes with StatReloader
Not Found: /.well-known/appspecific/com.chrome.devtools.json
Not Found: /.well-known/appspecific/com.chrome.devtools.json
Not Found: /.well-known/appspecific/com.chrome.devtools.json
Not Found: /.well-known/appspecific/com.chrome.devtools.json
Watching for file changes with StatReloader
Watching for file changes with StatReloader
Watching for file changes with StatReloader
Not Found: /favicon.ico
Watching for file changes with StatReloader
Not Found: /favicon.ico
User logged out: raja
/Users/rajasekharreddykasireddy/work/Agriculture/Agriculture/Users/models.py changed, reloading.
Watching for file changes with StatReloader
/Users/rajasekharreddykasireddy/work/Agriculture/Agriculture/Users/models.py changed, reloading.
Watching for file changes with StatReloader
/Users/rajasekharreddykasireddy/work/Agriculture/Agriculture/Users/models.py changed, reloading.
Watching for file changes with StatReloader
/Users/rajasekharreddykasireddy/work/Agriculture/Agriculture/Users/models.py changed, reloading.
Watching for file changes with StatReloader
/Users/rajasekharreddykasireddy/work/Agriculture/Agriculture/Users/models.py changed, reloading.
Watching for file changes with StatReloader
Watching for file changes with StatReloader
Internal Server Error: /login/
Traceback (most recent call last):
  File "/Users/rajasekharreddykasireddy/Environments/krrprojectenvir/lib/python3.13/site-packages/django/db/backends/utils.py", line 105, in _execute
    return self.cursor.execute(sql, params)
           ~~~~~~~~~~~~~~~~~~~^^^^^^^^^^^^^
psycopg2.errors.UndefinedColumn: column Users_details.last_login does not exist
LINE 1: ..."Users_details"."id", "Users_details"."password", "Users_det...
                                                             ^


The above exception was the direct cause of the following exception:

Traceback (most recent call last):
  File "/Users/rajasekharreddykasireddy/Environments/krrprojectenvir/lib/python3.13/site-packages/django/core/handlers/exception.py", line 55, in inner
    response = get_response(request)
  File "/Users/rajasekharreddykasireddy/Environments/krrprojectenvir/lib/python3.13/site-packages/django/core/handlers/base.py", line 198, in _get_response
    response = wrapped_callback(request, *callback_args, **callback_kwargs)
  File "/Users/rajasekharreddykasireddy/Environments/krrprojectenvir/lib/python3.13/site-packages/django/views/decorators/csrf.py", line 65, in _view_wrapper
    return view_func(request, *args, **kwargs)
  File "/Users/rajasekharreddykasireddy/work/Agriculture/Agriculture/Users/views.py", line 114, in login_view
    user = authenticate(
        request,
        username=username,
        password=password
    )
  File "/Users/rajasekharreddykasireddy/Environments/krrprojectenvir/lib/python3.13/site-packages/django/views/decorators/debug.py", line 75, in sensitive_variables_wrapper
    return func(*func_args, **func_kwargs)
  File "/Users/rajasekharreddykasireddy/Environments/krrprojectenvir/lib/python3.13/site-packages/django/contrib/auth/__init__.py", line 114, in authenticate
    user = backend.authenticate(request, **credentials)
  File "/Users/rajasekharreddykasireddy/Environments/krrprojectenvir/lib/python3.13/site-packages/django/contrib/auth/backends.py", line 65, in authenticate
    user = UserModel._default_manager.get_by_natural_key(username)
  File "/Users/rajasekharreddykasireddy/Environments/krrprojectenvir/lib/python3.13/site-packages/django/contrib/auth/base_user.py", line 37, in get_by_natural_key
    return self.get(**{self.model.USERNAME_FIELD: username})
           ~~~~~~~~^^^^^^^^^^^^^^^^^^^^^^^^^^^^^^^^^^^^^^^^^
  File "/Users/rajasekharreddykasireddy/Environments/krrprojectenvir/lib/python3.13/site-packages/django/db/models/manager.py", line 87, in manager_method
    return getattr(self.get_queryset(), name)(*args, **kwargs)
           ~~~~~~~~~~~~~~~~~~~~~~~~~~~~~~~~~~^^^^^^^^^^^^^^^^^
  File "/Users/rajasekharreddykasireddy/Environments/krrprojectenvir/lib/python3.13/site-packages/django/db/models/query.py", line 635, in get
    num = len(clone)
  File "/Users/rajasekharreddykasireddy/Environments/krrprojectenvir/lib/python3.13/site-packages/django/db/models/query.py", line 372, in __len__
    self._fetch_all()
    ~~~~~~~~~~~~~~~^^
  File "/Users/rajasekharreddykasireddy/Environments/krrprojectenvir/lib/python3.13/site-packages/django/db/models/query.py", line 2000, in _fetch_all
    self._result_cache = list(self._iterable_class(self))
                         ~~~~^^^^^^^^^^^^^^^^^^^^^^^^^^^^
  File "/Users/rajasekharreddykasireddy/Environments/krrprojectenvir/lib/python3.13/site-packages/django/db/models/query.py", line 95, in __iter__
    results = compiler.execute_sql(
        chunked_fetch=self.chunked_fetch, chunk_size=self.chunk_size
    )
  File "/Users/rajasekharreddykasireddy/Environments/krrprojectenvir/lib/python3.13/site-packages/django/db/models/sql/compiler.py", line 1624, in execute_sql
    cursor.execute(sql, params)
    ~~~~~~~~~~~~~~^^^^^^^^^^^^^
  File "/Users/rajasekharreddykasireddy/Environments/krrprojectenvir/lib/python3.13/site-packages/django/db/backends/utils.py", line 122, in execute
    return super().execute(sql, params)
           ~~~~~~~~~~~~~~~^^^^^^^^^^^^^
  File "/Users/rajasekharreddykasireddy/Environments/krrprojectenvir/lib/python3.13/site-packages/django/db/backends/utils.py", line 79, in execute
    return self._execute_with_wrappers(
           ~~~~~~~~~~~~~~~~~~~~~~~~~~~^
        sql, params, many=False, executor=self._execute
        ^^^^^^^^^^^^^^^^^^^^^^^^^^^^^^^^^^^^^^^^^^^^^^^
    )
    ^
  File "/Users/rajasekharreddykasireddy/Environments/krrprojectenvir/lib/python3.13/site-packages/django/db/backends/utils.py", line 92, in _execute_with_wrappers
    return executor(sql, params, many, context)
  File "/Users/rajasekharreddykasireddy/Environments/krrprojectenvir/lib/python3.13/site-packages/django/db/backends/utils.py", line 100, in _execute
    with self.db.wrap_database_errors:
         ^^^^^^^^^^^^^^^^^^^^^^^^^^^^
  File "/Users/rajasekharreddykasireddy/Environments/krrprojectenvir/lib/python3.13/site-packages/django/db/utils.py", line 94, in __exit__
    raise dj_exc_value.with_traceback(traceback) from exc_value
  File "/Users/rajasekharreddykasireddy/Environments/krrprojectenvir/lib/python3.13/site-packages/django/db/backends/utils.py", line 105, in _execute
    return self.cursor.execute(sql, params)
           ~~~~~~~~~~~~~~~~~~~^^^^^^^^^^^^^
django.db.utils.ProgrammingError: column Users_details.last_login does not exist
LINE 1: ..."Users_details"."id", "Users_details"."password", "Users_det...
                                                             ^

Watching for file changes with StatReloader
Internal Server Error: /admin/login/
Traceback (most recent call last):
  File "/Users/rajasekharreddykasireddy/Environments/krrprojectenvir/lib/python3.13/site-packages/django/db/backends/utils.py", line 105, in _execute
    return self.cursor.execute(sql, params)
           ~~~~~~~~~~~~~~~~~~~^^^^^^^^^^^^^
psycopg2.errors.UndefinedColumn: column Users_details.last_login does not exist
LINE 1: ..."Users_details"."id", "Users_details"."password", "Users_det...
                                                             ^


The above exception was the direct cause of the following exception:

Traceback (most recent call last):
  File "/Users/rajasekharreddykasireddy/Environments/krrprojectenvir/lib/python3.13/site-packages/django/core/handlers/exception.py", line 55, in inner
    response = get_response(request)
  File "/Users/rajasekharreddykasireddy/Environments/krrprojectenvir/lib/python3.13/site-packages/django/core/handlers/base.py", line 198, in _get_response
    response = wrapped_callback(request, *callback_args, **callback_kwargs)
  File "/Users/rajasekharreddykasireddy/Environments/krrprojectenvir/lib/python3.13/site-packages/django/utils/decorators.py", line 48, in _wrapper
    return bound_method(*args, **kwargs)
  File "/Users/rajasekharreddykasireddy/Environments/krrprojectenvir/lib/python3.13/site-packages/django/views/decorators/cache.py", line 80, in _view_wrapper
    response = view_func(request, *args, **kwargs)
  File "/Users/rajasekharreddykasireddy/Environments/krrprojectenvir/lib/python3.13/site-packages/django/contrib/admin/sites.py", line 450, in login
    return LoginView.as_view(**defaults)(request)
           ~~~~~~~~~~~~~~~~~~~~~~~~~~~~~^^^^^^^^^
  File "/Users/rajasekharreddykasireddy/Environments/krrprojectenvir/lib/python3.13/site-packages/django/views/generic/base.py", line 106, in view
    return self.dispatch(request, *args, **kwargs)
           ~~~~~~~~~~~~~^^^^^^^^^^^^^^^^^^^^^^^^^^
  File "/Users/rajasekharreddykasireddy/Environments/krrprojectenvir/lib/python3.13/site-packages/django/utils/decorators.py", line 48, in _wrapper
    return bound_method(*args, **kwargs)
  File "/Users/rajasekharreddykasireddy/Environments/krrprojectenvir/lib/python3.13/site-packages/django/views/decorators/debug.py", line 143, in sensitive_post_parameters_wrapper
    return view(request, *args, **kwargs)
  File "/Users/rajasekharreddykasireddy/Environments/krrprojectenvir/lib/python3.13/site-packages/django/utils/decorators.py", line 192, in _view_wrapper
    result = _process_exception(request, e)
  File "/Users/rajasekharreddykasireddy/Environments/krrprojectenvir/lib/python3.13/site-packages/django/utils/decorators.py", line 190, in _view_wrapper
    response = view_func(request, *args, **kwargs)
  File "/Users/rajasekharreddykasireddy/Environments/krrprojectenvir/lib/python3.13/site-packages/django/views/decorators/cache.py", line 80, in _view_wrapper
    response = view_func(request, *args, **kwargs)
  File "/Users/rajasekharreddykasireddy/Environments/krrprojectenvir/lib/python3.13/site-packages/django/contrib/auth/views.py", line 89, in dispatch
    return super().dispatch(request, *args, **kwargs)
           ~~~~~~~~~~~~~~~~^^^^^^^^^^^^^^^^^^^^^^^^^^
  File "/Users/rajasekharreddykasireddy/Environments/krrprojectenvir/lib/python3.13/site-packages/django/views/generic/base.py", line 145, in dispatch
    return handler(request, *args, **kwargs)
  File "/Users/rajasekharreddykasireddy/Environments/krrprojectenvir/lib/python3.13/site-packages/django/views/generic/edit.py", line 150, in post
    if form.is_valid():
       ~~~~~~~~~~~~~^^
  File "/Users/rajasekharreddykasireddy/Environments/krrprojectenvir/lib/python3.13/site-packages/django/forms/forms.py", line 206, in is_valid
    return self.is_bound and not self.errors
                                 ^^^^^^^^^^^
  File "/Users/rajasekharreddykasireddy/Environments/krrprojectenvir/lib/python3.13/site-packages/django/forms/forms.py", line 201, in errors
    self.full_clean()
    ~~~~~~~~~~~~~~~^^
  File "/Users/rajasekharreddykasireddy/Environments/krrprojectenvir/lib/python3.13/site-packages/django/forms/forms.py", line 338, in full_clean
    self._clean_form()
    ~~~~~~~~~~~~~~~~^^
  File "/Users/rajasekharreddykasireddy/Environments/krrprojectenvir/lib/python3.13/site-packages/django/forms/forms.py", line 354, in _clean_form
    cleaned_data = self.clean()
  File "/Users/rajasekharreddykasireddy/Environments/krrprojectenvir/lib/python3.13/site-packages/django/views/decorators/debug.py", line 75, in sensitive_variables_wrapper
    return func(*func_args, **func_kwargs)
  File "/Users/rajasekharreddykasireddy/Environments/krrprojectenvir/lib/python3.13/site-packages/django/contrib/auth/forms.py", line 349, in clean
    self.user_cache = authenticate(
                      ~~~~~~~~~~~~^
        self.request, username=username, password=password
        ^^^^^^^^^^^^^^^^^^^^^^^^^^^^^^^^^^^^^^^^^^^^^^^^^^
    )
    ^
  File "/Users/rajasekharreddykasireddy/Environments/krrprojectenvir/lib/python3.13/site-packages/django/views/decorators/debug.py", line 75, in sensitive_variables_wrapper
    return func(*func_args, **func_kwargs)
  File "/Users/rajasekharreddykasireddy/Environments/krrprojectenvir/lib/python3.13/site-packages/django/contrib/auth/__init__.py", line 114, in authenticate
    user = backend.authenticate(request, **credentials)
  File "/Users/rajasekharreddykasireddy/Environments/krrprojectenvir/lib/python3.13/site-packages/django/contrib/auth/backends.py", line 65, in authenticate
    user = UserModel._default_manager.get_by_natural_key(username)
  File "/Users/rajasekharreddykasireddy/Environments/krrprojectenvir/lib/python3.13/site-packages/django/contrib/auth/base_user.py", line 37, in get_by_natural_key
    return self.get(**{self.model.USERNAME_FIELD: username})
           ~~~~~~~~^^^^^^^^^^^^^^^^^^^^^^^^^^^^^^^^^^^^^^^^^
  File "/Users/rajasekharreddykasireddy/Environments/krrprojectenvir/lib/python3.13/site-packages/django/db/models/manager.py", line 87, in manager_method
    return getattr(self.get_queryset(), name)(*args, **kwargs)
           ~~~~~~~~~~~~~~~~~~~~~~~~~~~~~~~~~~^^^^^^^^^^^^^^^^^
  File "/Users/rajasekharreddykasireddy/Environments/krrprojectenvir/lib/python3.13/site-packages/django/db/models/query.py", line 635, in get
    num = len(clone)
  File "/Users/rajasekharreddykasireddy/Environments/krrprojectenvir/lib/python3.13/site-packages/django/db/models/query.py", line 372, in __len__
    self._fetch_all()
    ~~~~~~~~~~~~~~~^^
  File "/Users/rajasekharreddykasireddy/Environments/krrprojectenvir/lib/python3.13/site-packages/django/db/models/query.py", line 2000, in _fetch_all
    self._result_cache = list(self._iterable_class(self))
                         ~~~~^^^^^^^^^^^^^^^^^^^^^^^^^^^^
  File "/Users/rajasekharreddykasireddy/Environments/krrprojectenvir/lib/python3.13/site-packages/django/db/models/query.py", line 95, in __iter__
    results = compiler.execute_sql(
        chunked_fetch=self.chunked_fetch, chunk_size=self.chunk_size
    )
  File "/Users/rajasekharreddykasireddy/Environments/krrprojectenvir/lib/python3.13/site-packages/django/db/models/sql/compiler.py", line 1624, in execute_sql
    cursor.execute(sql, params)
    ~~~~~~~~~~~~~~^^^^^^^^^^^^^
  File "/Users/rajasekharreddykasireddy/Environments/krrprojectenvir/lib/python3.13/site-packages/django/db/backends/utils.py", line 122, in execute
    return super().execute(sql, params)
           ~~~~~~~~~~~~~~~^^^^^^^^^^^^^
  File "/Users/rajasekharreddykasireddy/Environments/krrprojectenvir/lib/python3.13/site-packages/django/db/backends/utils.py", line 79, in execute
    return self._execute_with_wrappers(
           ~~~~~~~~~~~~~~~~~~~~~~~~~~~^
        sql, params, many=False, executor=self._execute
        ^^^^^^^^^^^^^^^^^^^^^^^^^^^^^^^^^^^^^^^^^^^^^^^
    )
    ^
  File "/Users/rajasekharreddykasireddy/Environments/krrprojectenvir/lib/python3.13/site-packages/django/db/backends/utils.py", line 92, in _execute_with_wrappers
    return executor(sql, params, many, context)
  File "/Users/rajasekharreddykasireddy/Environments/krrprojectenvir/lib/python3.13/site-packages/django/db/backends/utils.py", line 100, in _execute
    with self.db.wrap_database_errors:
         ^^^^^^^^^^^^^^^^^^^^^^^^^^^^
  File "/Users/rajasekharreddykasireddy/Environments/krrprojectenvir/lib/python3.13/site-packages/django/db/utils.py", line 94, in __exit__
    raise dj_exc_value.with_traceback(traceback) from exc_value
  File "/Users/rajasekharreddykasireddy/Environments/krrprojectenvir/lib/python3.13/site-packages/django/db/backends/utils.py", line 105, in _execute
    return self.cursor.execute(sql, params)
           ~~~~~~~~~~~~~~~~~~~^^^^^^^^^^^^^
django.db.utils.ProgrammingError: column Users_details.last_login does not exist
LINE 1: ..."Users_details"."id", "Users_details"."password", "Users_det...
                                                             ^

Watching for file changes with StatReloader
Method Not Allowed: /register/
/Users/rajasekharreddykasireddy/work/Agriculture/Agriculture/Users/views.py changed, reloading.
Watching for file changes with StatReloader
Watching for file changes with StatReloader
Successfully registered new user: raja
User logged out: raja
Watching for file changes with StatReloader
Invalid login for krr
Invalid login for raja
Watching for file changes with StatReloader
Not Found: /favicon.ico
krr logged in successfully
Internal Server Error: /login/
Traceback (most recent call last):
  File "/Users/rajasekharreddykasireddy/Environments/krrprojectenvir/lib/python3.13/site-packages/django/core/handlers/exception.py", line 55, in inner
    response = get_response(request)
  File "/Users/rajasekharreddykasireddy/Environments/krrprojectenvir/lib/python3.13/site-packages/django/core/handlers/base.py", line 198, in _get_response
    response = wrapped_callback(request, *callback_args, **callback_kwargs)
  File "/Users/rajasekharreddykasireddy/work/Agriculture/Agriculture/Users/views.py", line 57, in login_view
    return redirect("options")
  File "/Users/rajasekharreddykasireddy/Environments/krrprojectenvir/lib/python3.13/site-packages/django/shortcuts.py", line 51, in redirect
    resolve_url(to, *args, **kwargs),
    ~~~~~~~~~~~^^^^^^^^^^^^^^^^^^^^^
  File "/Users/rajasekharreddykasireddy/Environments/krrprojectenvir/lib/python3.13/site-packages/django/shortcuts.py", line 184, in resolve_url
    return reverse(to, args=args, kwargs=kwargs)
  File "/Users/rajasekharreddykasireddy/Environments/krrprojectenvir/lib/python3.13/site-packages/django/urls/base.py", line 98, in reverse
    resolved_url = resolver._reverse_with_prefix(view, prefix, *args, **kwargs)
  File "/Users/rajasekharreddykasireddy/Environments/krrprojectenvir/lib/python3.13/site-packages/django/urls/resolvers.py", line 842, in _reverse_with_prefix
    raise NoReverseMatch(msg)
django.urls.exceptions.NoReverseMatch: Reverse for 'options' not found. 'options' is not a valid view function or pattern name.
/Users/rajasekharreddykasireddy/work/Agriculture/Agriculture/Users/urls.py changed, reloading.
Watching for file changes with StatReloader
Watching for file changes with StatReloader
/Users/rajasekharreddykasireddy/work/Agriculture/Agriculture/Users/urls.py changed, reloading.
Watching for file changes with StatReloader
/Users/rajasekharreddykasireddy/work/Agriculture/Agriculture/Users/urls.py changed, reloading.
Watching for file changes with StatReloader
Watching for file changes with StatReloader
Not Found: /favicon.ico
krr logged in successfully
Watching for file changes with StatReloader
krr logged in successfully
krr created user raja
krr logged out
krr logged in successfully
raja logged in successfully
/Users/rajasekharreddykasireddy/work/Agriculture/Agriculture/Users/views.py changed, reloading.
Watching for file changes with StatReloader
/Users/rajasekharreddykasireddy/work/Agriculture/Agriculture/Users/views.py changed, reloading.
Watching for file changes with StatReloader
/Users/rajasekharreddykasireddy/work/Agriculture/Agriculture/Users/views.py changed, reloading.
Watching for file changes with StatReloader
/Users/rajasekharreddykasireddy/work/Agriculture/Agriculture/Users/views.py changed, reloading.
Watching for file changes with StatReloader
/Users/rajasekharreddykasireddy/work/Agriculture/Agriculture/Users/migrations/0001_initial.py changed, reloading.
Watching for file changes with StatReloader
/Users/rajasekharreddykasireddy/work/Agriculture/Agriculture/Users/views.py changed, reloading.
Watching for file changes with StatReloader
/Users/rajasekharreddykasireddy/work/Agriculture/Agriculture/Users/views.py changed, reloading.
Watching for file changes with StatReloader
/Users/rajasekharreddykasireddy/work/Agriculture/Agriculture/Users/views.py changed, reloading.
Watching for file changes with StatReloader
Not Found: /favicon.ico
krr logged in successfully
Not Found: /favicon.ico
/Users/rajasekharreddykasireddy/work/Agriculture/Agriculture/maps/views.py changed, reloading.
Watching for file changes with StatReloader
/Users/rajasekharreddykasireddy/work/Agriculture/Agriculture/maps/views.py changed, reloading.
Watching for file changes with StatReloader
/Users/rajasekharreddykasireddy/work/Agriculture/Agriculture/maps/views.py changed, reloading.
Watching for file changes with StatReloader
/Users/rajasekharreddykasireddy/work/Agriculture/Agriculture/maps/views.py changed, reloading.
Watching for file changes with StatReloader
/Users/rajasekharreddykasireddy/work/Agriculture/Agriculture/maps/views.py changed, reloading.
Watching for file changes with StatReloader
/Users/rajasekharreddykasireddy/work/Agriculture/Agriculture/Users/views.py changed, reloading.
Watching for file changes with StatReloader
/Users/rajasekharreddykasireddy/work/Agriculture/Agriculture/Users/views.py changed, reloading.
Watching for file changes with StatReloader
/Users/rajasekharreddykasireddy/work/Agriculture/Agriculture/Users/views.py changed, reloading.
Watching for file changes with StatReloader
/Users/rajasekharreddykasireddy/work/Agriculture/Agriculture/Users/views.py changed, reloading.
Watching for file changes with StatReloader
/Users/rajasekharreddykasireddy/work/Agriculture/Agriculture/maps/views.py changed, reloading.
Watching for file changes with StatReloader
/Users/rajasekharreddykasireddy/work/Agriculture/Agriculture/maps/views.py changed, reloading.
Watching for file changes with StatReloader
/Users/rajasekharreddykasireddy/work/Agriculture/Agriculture/maps/views.py changed, reloading.
Watching for file changes with StatReloader
krr logged in successfully
Watching for file changes with StatReloader
Not Found: /favicon.ico
krr logged in successfully
krr logged in successfully
raja logged in successfully
Watching for file changes with StatReloader
Not Found: /favicon.ico
krr logged in successfully
/Users/rajasekharreddykasireddy/work/Agriculture/Agriculture/maps/views.py changed, reloading.
Watching for file changes with StatReloader
/Users/rajasekharreddykasireddy/work/Agriculture/Agriculture/maps/views.py changed, reloading.
Watching for file changes with StatReloader
/Users/rajasekharreddykasireddy/work/Agriculture/Agriculture/maps/views.py changed, reloading.
Watching for file changes with StatReloader
Not Found: /favicon.ico
Not Found: /favicon.ico
raja logged in successfully
Not Found: /favicon.ico
raja logged in successfully
/Users/rajasekharreddykasireddy/work/Agriculture/Agriculture/maps/views.py changed, reloading.
Watching for file changes with StatReloader
/Users/rajasekharreddykasireddy/work/Agriculture/Agriculture/maps/views.py changed, reloading.
Watching for file changes with StatReloader
Watching for file changes with StatReloader
Not Found: /favicon.ico
raja logged in successfully
Internal Server Error: /maps/field/2/blocks/
Traceback (most recent call last):
  File "/Users/rajasekharreddykasireddy/Environments/krrprojectenvir/lib/python3.13/site-packages/django/core/handlers/exception.py", line 55, in inner
    response = get_response(request)
  File "/Users/rajasekharreddykasireddy/Environments/krrprojectenvir/lib/python3.13/site-packages/django/core/handlers/base.py", line 198, in _get_response
    response = wrapped_callback(request, *callback_args, **callback_kwargs)
  File "/Users/rajasekharreddykasireddy/work/Agriculture/Agriculture/maps/views.py", line 103, in blocks_dashboard
    return render(request, "main/blocks.html", {
        "field": field,
        "can_edit": can_edit
    })
  File "/Users/rajasekharreddykasireddy/Environments/krrprojectenvir/lib/python3.13/site-packages/django/shortcuts.py", line 25, in render
    content = loader.render_to_string(template_name, context, request, using=using)
  File "/Users/rajasekharreddykasireddy/Environments/krrprojectenvir/lib/python3.13/site-packages/django/template/loader.py", line 61, in render_to_string
    template = get_template(template_name, using=using)
  File "/Users/rajasekharreddykasireddy/Environments/krrprojectenvir/lib/python3.13/site-packages/django/template/loader.py", line 19, in get_template
    raise TemplateDoesNotExist(template_name, chain=chain)
django.template.exceptions.TemplateDoesNotExist: main/blocks.html
/Users/rajasekharreddykasireddy/work/Agriculture/Agriculture/maps/views.py changed, reloading.
Watching for file changes with StatReloader
/Users/rajasekharreddykasireddy/work/Agriculture/Agriculture/maps/views.py changed, reloading.
Watching for file changes with StatReloader
Watching for file changes with StatReloader
raja logged in successfully
Watching for file changes with StatReloader
Not Found: /maps/field//get-blocks/
Not Found: /favicon.ico
raja logged in successfully
Not Found: /maps/field//get-blocks/
Not Found: /maps/field//save-block/
Watching for file changes with StatReloader
Not Found: /favicon.ico
raja logged in successfully
Not Found: /favicon.ico
Not Found: /favicon.ico
Forbidden (CSRF token missing.): /maps/update-field/2/
Not Found: /favicon.ico
raja logged in successfully
Forbidden (CSRF token missing.): /maps/update-field/2/
Not Found: /favicon.ico
Forbidden (CSRF token missing.): /maps/update-field/2/
Watching for file changes with StatReloader
Not Found: /favicon.ico
raja logged in successfully
Not Found: /favicon.ico
Watching for file changes with StatReloader
Not Found: /favicon.ico
raja logged in successfully
Watching for file changes with StatReloader
Not Found: /favicon.ico
raja logged in successfully
Not Found: /favicon.ico
Watching for file changes with StatReloader
Not Found: /favicon.ico
raja logged in successfully
Not Found: /favicon.ico
Not Found: /favicon.ico
raja logged in successfully
Not Found: /maps/field/2/update-details/
Not Found: /.well-known/appspecific/com.chrome.devtools.json
Not Found: /maps/field/2/update-details/
/Users/rajasekharreddykasireddy/work/Agriculture/Agriculture/maps/urls.py changed, reloading.
Watching for file changes with StatReloader
/Users/rajasekharreddykasireddy/work/Agriculture/Agriculture/maps/urls.py changed, reloading.
Watching for file changes with StatReloader
/Users/rajasekharreddykasireddy/work/Agriculture/Agriculture/maps/views.py changed, reloading.
Watching for file changes with StatReloader
/Users/rajasekharreddykasireddy/work/Agriculture/Agriculture/maps/views.py changed, reloading.
Watching for file changes with StatReloader
/Users/rajasekharreddykasireddy/work/Agriculture/Agriculture/maps/views.py changed, reloading.
Watching for file changes with StatReloader
/Users/rajasekharreddykasireddy/work/Agriculture/Agriculture/maps/views.py changed, reloading.
Watching for file changes with StatReloader
/Users/rajasekharreddykasireddy/work/Agriculture/Agriculture/maps/views.py changed, reloading.
Watching for file changes with StatReloader
/Users/rajasekharreddykasireddy/work/Agriculture/Agriculture/maps/views.py changed, reloading.
Watching for file changes with StatReloader
/Users/rajasekharreddykasireddy/work/Agriculture/Agriculture/maps/views.py changed, reloading.
Watching for file changes with StatReloader
/Users/rajasekharreddykasireddy/work/Agriculture/Agriculture/maps/views.py changed, reloading.
Watching for file changes with StatReloader
/Users/rajasekharreddykasireddy/work/Agriculture/Agriculture/maps/views.py changed, reloading.
Watching for file changes with StatReloader
/Users/rajasekharreddykasireddy/work/Agriculture/Agriculture/maps/views.py changed, reloading.
Watching for file changes with StatReloader
Not Found: /.well-known/appspecific/com.chrome.devtools.json
Not Found: /.well-known/appspecific/com.chrome.devtools.json
raja logged in successfully
Not Found: /.well-known/appspecific/com.chrome.devtools.json
Not Found: /.well-known/appspecific/com.chrome.devtools.json
Not Found: /.well-known/appspecific/com.chrome.devtools.json
Not Found: /.well-known/appspecific/com.chrome.devtools.json
Not Found: /.well-known/appspecific/com.chrome.devtools.json
raja logged in successfully
Not Found: /.well-known/appspecific/com.chrome.devtools.json
Not Found: /.well-known/appspecific/com.chrome.devtools.json
Not Found: /.well-known/appspecific/com.chrome.devtools.json
Not Found: /favicon.ico
Not Found: /favicon.ico
raja logged in successfully
Not Found: /favicon.ico
Watching for file changes with StatReloader
Not Found: /favicon.ico
Not Found: /.well-known/appspecific/com.chrome.devtools.json
/Users/rajasekharreddykasireddy/work/Agriculture/Agriculture/maps/models.py changed, reloading.
Watching for file changes with StatReloader
/Users/rajasekharreddykasireddy/work/Agriculture/Agriculture/maps/models.py changed, reloading.
Watching for file changes with StatReloader
Watching for file changes with StatReloader
Not Found: /.well-known/appspecific/com.chrome.devtools.json
Not Found: /.well-known/appspecific/com.chrome.devtools.json
Not Found: /favicon.ico
Not Found: /.well-known/appspecific/com.chrome.devtools.json
raja logged in successfully
Not Found: /.well-known/appspecific/com.chrome.devtools.json
Not Found: /.well-known/appspecific/com.chrome.devtools.json
Not Found: /.well-known/appspecific/com.chrome.devtools.json
Not Found: /.well-known/appspecific/com.chrome.devtools.json
Not Found: /.well-known/appspecific/com.chrome.devtools.json
raja logged in successfully
Not Found: /.well-known/appspecific/com.chrome.devtools.json
Not Found: /.well-known/appspecific/com.chrome.devtools.json
Not Found: /.well-known/appspecific/com.chrome.devtools.json
Not Found: /favicon.ico
raja logged in successfully
raja logged in successfully
raja created user chen
chen logged in successfully
Watching for file changes with StatReloader
Not Found: /favicon.ico
raja logged in successfully
raja logged in successfully
raja logged in successfully
